2017-01-13 21:14:47,286 [main] ERROR org.eclipse.jgit.util.FS - Caught exception in FS.readPipe()
java.io.IOException: Cannot run program "git" (in directory "/usr/local/bin"): error=2, No such file or directory
	at java.lang.ProcessBuilder.start(ProcessBuilder.java:1048) ~[na:1.8.0_111]
	at org.eclipse.jgit.util.FS.readPipe(FS.java:491) [org.eclipse.jgit_4.4.1.201607150455-r.jar:4.4.1.201607150455-r]
	at org.eclipse.jgit.util.FS.readPipe(FS.java:459) [org.eclipse.jgit_4.4.1.201607150455-r.jar:4.4.1.201607150455-r]
	at org.eclipse.jgit.util.FS.discoverGitSystemConfig(FS.java:592) [org.eclipse.jgit_4.4.1.201607150455-r.jar:4.4.1.201607150455-r]
	at org.eclipse.jgit.util.FS.getGitSystemConfig(FS.java:621) [org.eclipse.jgit_4.4.1.201607150455-r.jar:4.4.1.201607150455-r]
	at org.eclipse.jgit.util.SystemReader$Default.openSystemConfig(SystemReader.java:97) [org.eclipse.jgit_4.4.1.201607150455-r.jar:4.4.1.201607150455-r]
	at org.eclipse.jgit.internal.storage.file.FileRepository.<init>(FileRepository.java:176) [org.eclipse.jgit_4.4.1.201607150455-r.jar:4.4.1.201607150455-r]
	at org.eclipse.jgit.lib.BaseRepositoryBuilder.build(BaseRepositoryBuilder.java:580) [org.eclipse.jgit_4.4.1.201607150455-r.jar:4.4.1.201607150455-r]
	at org.eclipse.jgit.api.InitCommand.call(InitCommand.java:113) [org.eclipse.jgit_4.4.1.201607150455-r.jar:4.4.1.201607150455-r]
	at org.eclipse.egit.ui.internal.repository.NewRepositoryWizard.performFinish(NewRepositoryWizard.java:80) [org.eclipse.egit.ui_4.4.1.201607150455-r.jar:na]
	at org.eclipse.jface.wizard.WizardDialog.finishPressed(WizardDialog.java:790) [org.eclipse.jface_3.12.1.v20160923-1528.jar:na]
	at org.eclipse.jface.wizard.WizardDialog.buttonPressed(WizardDialog.java:423) [org.eclipse.jface_3.12.1.v20160923-1528.jar:na]
	at org.eclipse.jface.dialogs.Dialog$2.widgetSelected(Dialog.java:618) [org.eclipse.jface_3.12.1.v20160923-1528.jar:na]
	at org.eclipse.swt.widgets.TypedListener.handleEvent(TypedListener.java:249) [org.eclipse.swt.cocoa.macosx.x86_64_3.105.2.v20161122-0613.jar:na]
	at org.eclipse.swt.widgets.EventTable.sendEvent(EventTable.java:84) [org.eclipse.swt.cocoa.macosx.x86_64_3.105.2.v20161122-0613.jar:na]
	at org.eclipse.swt.widgets.Display.sendEvent(Display.java:4256) [org.eclipse.swt.cocoa.macosx.x86_64_3.105.2.v20161122-0613.jar:na]
	at org.eclipse.swt.widgets.Widget.sendEvent(Widget.java:1501) [org.eclipse.swt.cocoa.macosx.x86_64_3.105.2.v20161122-0613.jar:na]
	at org.eclipse.swt.widgets.Widget.sendEvent(Widget.java:1524) [org.eclipse.swt.cocoa.macosx.x86_64_3.105.2.v20161122-0613.jar:na]
	at org.eclipse.swt.widgets.Widget.sendEvent(Widget.java:1509) [org.eclipse.swt.cocoa.macosx.x86_64_3.105.2.v20161122-0613.jar:na]
	at org.eclipse.swt.widgets.Widget.notifyListeners(Widget.java:1313) [org.eclipse.swt.cocoa.macosx.x86_64_3.105.2.v20161122-0613.jar:na]
	at org.eclipse.swt.widgets.Display.runDeferredEvents(Display.java:4080) [org.eclipse.swt.cocoa.macosx.x86_64_3.105.2.v20161122-0613.jar:na]
	at org.eclipse.swt.widgets.Display.readAndDispatch(Display.java:3706) [org.eclipse.swt.cocoa.macosx.x86_64_3.105.2.v20161122-0613.jar:na]
	at org.eclipse.jface.window.Window.runEventLoop(Window.java:818) [org.eclipse.jface_3.12.1.v20160923-1528.jar:na]
	at org.eclipse.jface.window.Window.open(Window.java:794) [org.eclipse.jface_3.12.1.v20160923-1528.jar:na]
	at org.eclipse.ui.internal.handlers.WizardHandler$New.executeHandler(WizardHandler.java:269) [org.eclipse.ui.workbench_3.108.2.v20161025-2029.jar:na]
	at org.eclipse.ui.internal.handlers.WizardHandler.execute(WizardHandler.java:290) [org.eclipse.ui.workbench_3.108.2.v20161025-2029.jar:na]
	at org.eclipse.ui.internal.handlers.HandlerProxy.execute(HandlerProxy.java:295) [org.eclipse.ui.workbench_3.108.2.v20161025-2029.jar:na]
	at org.eclipse.ui.internal.handlers.E4HandlerProxy.execute(E4HandlerProxy.java:90) [org.eclipse.ui.workbench_3.108.2.v20161025-2029.jar:na]
	at sun.reflect.NativeMethodAccessorImpl.invoke0(Native Method) ~[na:1.8.0_111]
	at sun.reflect.NativeMethodAccessorImpl.invoke(NativeMethodAccessorImpl.java:62) ~[na:1.8.0_111]
	at sun.reflect.DelegatingMethodAccessorImpl.invoke(DelegatingMethodAccessorImpl.java:43) ~[na:1.8.0_111]
	at java.lang.reflect.Method.invoke(Method.java:498) ~[na:1.8.0_111]
	at org.eclipse.e4.core.internal.di.MethodRequestor.execute(MethodRequestor.java:55) [org.eclipse.e4.core.di_1.6.1.v20160712-0927.jar:na]
	at org.eclipse.e4.core.internal.di.InjectorImpl.invokeUsingClass(InjectorImpl.java:282) [org.eclipse.e4.core.di_1.6.1.v20160712-0927.jar:na]
	at org.eclipse.e4.core.internal.di.InjectorImpl.invoke(InjectorImpl.java:264) [org.eclipse.e4.core.di_1.6.1.v20160712-0927.jar:na]
	at org.eclipse.e4.core.contexts.ContextInjectionFactory.invoke(ContextInjectionFactory.java:132) [org.eclipse.e4.core.contexts_1.5.0.v20160504-0909.jar:na]
	at org.eclipse.e4.core.commands.internal.HandlerServiceHandler.execute(HandlerServiceHandler.java:152) [org.eclipse.e4.core.commands_0.11.100.v20160506-0804.jar:na]
	at org.eclipse.core.commands.Command.executeWithChecks(Command.java:494) [org.eclipse.core.commands_3.8.0.v20160316-1921.jar:na]
	at org.eclipse.core.commands.ParameterizedCommand.executeWithChecks(ParameterizedCommand.java:488) [org.eclipse.core.commands_3.8.0.v20160316-1921.jar:na]
	at org.eclipse.e4.core.commands.internal.HandlerServiceImpl.executeHandler(HandlerServiceImpl.java:210) [org.eclipse.e4.core.commands_0.11.100.v20160506-0804.jar:na]
	at org.eclipse.ui.internal.handlers.LegacyHandlerService.executeCommand(LegacyHandlerService.java:353) [org.eclipse.ui.workbench_3.108.2.v20161025-2029.jar:na]
	at org.eclipse.ui.internal.actions.CommandAction.runWithEvent(CommandAction.java:155) [org.eclipse.ui.workbench_3.108.2.v20161025-2029.jar:na]
	at org.eclipse.jface.action.ActionContributionItem.handleWidgetSelection(ActionContributionItem.java:565) [org.eclipse.jface_3.12.1.v20160923-1528.jar:na]
	at org.eclipse.jface.action.ActionContributionItem.lambda$4(ActionContributionItem.java:397) [org.eclipse.jface_3.12.1.v20160923-1528.jar:na]
	at org.eclipse.swt.widgets.EventTable.sendEvent(EventTable.java:84) [org.eclipse.swt.cocoa.macosx.x86_64_3.105.2.v20161122-0613.jar:na]
	at org.eclipse.swt.widgets.Display.sendEvent(Display.java:4256) [org.eclipse.swt.cocoa.macosx.x86_64_3.105.2.v20161122-0613.jar:na]
	at org.eclipse.swt.widgets.Widget.sendEvent(Widget.java:1501) [org.eclipse.swt.cocoa.macosx.x86_64_3.105.2.v20161122-0613.jar:na]
	at org.eclipse.swt.widgets.Widget.sendEvent(Widget.java:1524) [org.eclipse.swt.cocoa.macosx.x86_64_3.105.2.v20161122-0613.jar:na]
	at org.eclipse.swt.widgets.Widget.sendEvent(Widget.java:1509) [org.eclipse.swt.cocoa.macosx.x86_64_3.105.2.v20161122-0613.jar:na]
	at org.eclipse.swt.widgets.Widget.notifyListeners(Widget.java:1313) [org.eclipse.swt.cocoa.macosx.x86_64_3.105.2.v20161122-0613.jar:na]
	at org.eclipse.swt.widgets.Display.runDeferredEvents(Display.java:4080) [org.eclipse.swt.cocoa.macosx.x86_64_3.105.2.v20161122-0613.jar:na]
	at org.eclipse.swt.widgets.Display.readAndDispatch(Display.java:3706) [org.eclipse.swt.cocoa.macosx.x86_64_3.105.2.v20161122-0613.jar:na]
	at org.eclipse.e4.ui.internal.workbench.swt.PartRenderingEngine$4.run(PartRenderingEngine.java:1121) ~[na:na]
	at org.eclipse.core.databinding.observable.Realm.runWithDefault(Realm.java:336) ~[na:na]
	at org.eclipse.e4.ui.internal.workbench.swt.PartRenderingEngine.run(PartRenderingEngine.java:1022) ~[na:na]
	at org.eclipse.e4.ui.internal.workbench.E4Workbench.createAndRunUI(E4Workbench.java:150) ~[na:na]
	at org.eclipse.ui.internal.Workbench$5.run(Workbench.java:693) ~[na:na]
	at org.eclipse.core.databinding.observable.Realm.runWithDefault(Realm.java:336) ~[na:na]
	at org.eclipse.ui.internal.Workbench.createAndRunWorkbench(Workbench.java:610) ~[na:na]
	at org.eclipse.ui.PlatformUI.createAndRunWorkbench(PlatformUI.java:148) ~[na:na]
	at org.eclipse.ui.internal.ide.application.IDEApplication.start(IDEApplication.java:138) ~[na:na]
	at org.eclipse.equinox.internal.app.EclipseAppHandle.run(EclipseAppHandle.java:196) ~[org.eclipse.equinox.app_1.3.400.v20150715-1528.jar:na]
	at org.eclipse.core.runtime.internal.adaptor.EclipseAppLauncher.runApplication(EclipseAppLauncher.java:134) ~[org.eclipse.osgi_3.11.2.v20161107-1947.jar:na]
	at org.eclipse.core.runtime.internal.adaptor.EclipseAppLauncher.start(EclipseAppLauncher.java:104) ~[org.eclipse.osgi_3.11.2.v20161107-1947.jar:na]
	at org.eclipse.core.runtime.adaptor.EclipseStarter.run(EclipseStarter.java:388) ~[org.eclipse.osgi_3.11.2.v20161107-1947.jar:na]
	at org.eclipse.core.runtime.adaptor.EclipseStarter.run(EclipseStarter.java:243) ~[org.eclipse.osgi_3.11.2.v20161107-1947.jar:na]
	at sun.reflect.NativeMethodAccessorImpl.invoke0(Native Method) ~[na:1.8.0_111]
	at sun.reflect.NativeMethodAccessorImpl.invoke(NativeMethodAccessorImpl.java:62) ~[na:1.8.0_111]
	at sun.reflect.DelegatingMethodAccessorImpl.invoke(DelegatingMethodAccessorImpl.java:43) ~[na:1.8.0_111]
	at java.lang.reflect.Method.invoke(Method.java:498) ~[na:1.8.0_111]
	at org.eclipse.equinox.launcher.Main.invokeFramework(Main.java:673) ~[org.eclipse.equinox.launcher_1.3.201.v20161025-1711.jar:na]
	at org.eclipse.equinox.launcher.Main.basicRun(Main.java:610) ~[org.eclipse.equinox.launcher_1.3.201.v20161025-1711.jar:na]
	at org.eclipse.equinox.launcher.Main.run(Main.java:1519) ~[org.eclipse.equinox.launcher_1.3.201.v20161025-1711.jar:na]
Caused by: java.io.IOException: error=2, No such file or directory
	at java.lang.UNIXProcess.forkAndExec(Native Method) ~[na:1.8.0_111]
	at java.lang.UNIXProcess.<init>(UNIXProcess.java:247) ~[na:1.8.0_111]
	at java.lang.ProcessImpl.start(ProcessImpl.java:134) ~[na:1.8.0_111]
	at java.lang.ProcessBuilder.start(ProcessBuilder.java:1029) ~[na:1.8.0_111]
	... 72 common frames omitted
2017-01-13 21:14:47,385 [main] ERROR org.eclipse.jgit.util.FS - Caught exception in FS.readPipe()
java.io.IOException: Cannot run program "git" (in directory "/usr/local/bin"): error=2, No such file or directory
	at java.lang.ProcessBuilder.start(ProcessBuilder.java:1048) ~[na:1.8.0_111]
	at org.eclipse.jgit.util.FS.readPipe(FS.java:491) [org.eclipse.jgit_4.4.1.201607150455-r.jar:4.4.1.201607150455-r]
	at org.eclipse.jgit.util.FS.discoverGitSystemConfig(FS.java:604) [org.eclipse.jgit_4.4.1.201607150455-r.jar:4.4.1.201607150455-r]
	at org.eclipse.jgit.util.FS.getGitSystemConfig(FS.java:621) [org.eclipse.jgit_4.4.1.201607150455-r.jar:4.4.1.201607150455-r]
	at org.eclipse.jgit.util.SystemReader$Default.openSystemConfig(SystemReader.java:97) [org.eclipse.jgit_4.4.1.201607150455-r.jar:4.4.1.201607150455-r]
	at org.eclipse.jgit.internal.storage.file.FileRepository.<init>(FileRepository.java:176) [org.eclipse.jgit_4.4.1.201607150455-r.jar:4.4.1.201607150455-r]
	at org.eclipse.jgit.lib.BaseRepositoryBuilder.build(BaseRepositoryBuilder.java:580) [org.eclipse.jgit_4.4.1.201607150455-r.jar:4.4.1.201607150455-r]
	at org.eclipse.jgit.api.InitCommand.call(InitCommand.java:113) [org.eclipse.jgit_4.4.1.201607150455-r.jar:4.4.1.201607150455-r]
	at org.eclipse.egit.ui.internal.repository.NewRepositoryWizard.performFinish(NewRepositoryWizard.java:80) [org.eclipse.egit.ui_4.4.1.201607150455-r.jar:na]
	at org.eclipse.jface.wizard.WizardDialog.finishPressed(WizardDialog.java:790) [org.eclipse.jface_3.12.1.v20160923-1528.jar:na]
	at org.eclipse.jface.wizard.WizardDialog.buttonPressed(WizardDialog.java:423) [org.eclipse.jface_3.12.1.v20160923-1528.jar:na]
	at org.eclipse.jface.dialogs.Dialog$2.widgetSelected(Dialog.java:618) [org.eclipse.jface_3.12.1.v20160923-1528.jar:na]
	at org.eclipse.swt.widgets.TypedListener.handleEvent(TypedListener.java:249) [org.eclipse.swt.cocoa.macosx.x86_64_3.105.2.v20161122-0613.jar:na]
	at org.eclipse.swt.widgets.EventTable.sendEvent(EventTable.java:84) [org.eclipse.swt.cocoa.macosx.x86_64_3.105.2.v20161122-0613.jar:na]
	at org.eclipse.swt.widgets.Display.sendEvent(Display.java:4256) [org.eclipse.swt.cocoa.macosx.x86_64_3.105.2.v20161122-0613.jar:na]
	at org.eclipse.swt.widgets.Widget.sendEvent(Widget.java:1501) [org.eclipse.swt.cocoa.macosx.x86_64_3.105.2.v20161122-0613.jar:na]
	at org.eclipse.swt.widgets.Widget.sendEvent(Widget.java:1524) [org.eclipse.swt.cocoa.macosx.x86_64_3.105.2.v20161122-0613.jar:na]
	at org.eclipse.swt.widgets.Widget.sendEvent(Widget.java:1509) [org.eclipse.swt.cocoa.macosx.x86_64_3.105.2.v20161122-0613.jar:na]
	at org.eclipse.swt.widgets.Widget.notifyListeners(Widget.java:1313) [org.eclipse.swt.cocoa.macosx.x86_64_3.105.2.v20161122-0613.jar:na]
	at org.eclipse.swt.widgets.Display.runDeferredEvents(Display.java:4080) [org.eclipse.swt.cocoa.macosx.x86_64_3.105.2.v20161122-0613.jar:na]
	at org.eclipse.swt.widgets.Display.readAndDispatch(Display.java:3706) [org.eclipse.swt.cocoa.macosx.x86_64_3.105.2.v20161122-0613.jar:na]
	at org.eclipse.jface.window.Window.runEventLoop(Window.java:818) [org.eclipse.jface_3.12.1.v20160923-1528.jar:na]
	at org.eclipse.jface.window.Window.open(Window.java:794) [org.eclipse.jface_3.12.1.v20160923-1528.jar:na]
	at org.eclipse.ui.internal.handlers.WizardHandler$New.executeHandler(WizardHandler.java:269) [org.eclipse.ui.workbench_3.108.2.v20161025-2029.jar:na]
	at org.eclipse.ui.internal.handlers.WizardHandler.execute(WizardHandler.java:290) [org.eclipse.ui.workbench_3.108.2.v20161025-2029.jar:na]
	at org.eclipse.ui.internal.handlers.HandlerProxy.execute(HandlerProxy.java:295) [org.eclipse.ui.workbench_3.108.2.v20161025-2029.jar:na]
	at org.eclipse.ui.internal.handlers.E4HandlerProxy.execute(E4HandlerProxy.java:90) [org.eclipse.ui.workbench_3.108.2.v20161025-2029.jar:na]
	at sun.reflect.NativeMethodAccessorImpl.invoke0(Native Method) ~[na:1.8.0_111]
	at sun.reflect.NativeMethodAccessorImpl.invoke(NativeMethodAccessorImpl.java:62) ~[na:1.8.0_111]
	at sun.reflect.DelegatingMethodAccessorImpl.invoke(DelegatingMethodAccessorImpl.java:43) ~[na:1.8.0_111]
	at java.lang.reflect.Method.invoke(Method.java:498) ~[na:1.8.0_111]
	at org.eclipse.e4.core.internal.di.MethodRequestor.execute(MethodRequestor.java:55) [org.eclipse.e4.core.di_1.6.1.v20160712-0927.jar:na]
	at org.eclipse.e4.core.internal.di.InjectorImpl.invokeUsingClass(InjectorImpl.java:282) [org.eclipse.e4.core.di_1.6.1.v20160712-0927.jar:na]
	at org.eclipse.e4.core.internal.di.InjectorImpl.invoke(InjectorImpl.java:264) [org.eclipse.e4.core.di_1.6.1.v20160712-0927.jar:na]
	at org.eclipse.e4.core.contexts.ContextInjectionFactory.invoke(ContextInjectionFactory.java:132) [org.eclipse.e4.core.contexts_1.5.0.v20160504-0909.jar:na]
	at org.eclipse.e4.core.commands.internal.HandlerServiceHandler.execute(HandlerServiceHandler.java:152) [org.eclipse.e4.core.commands_0.11.100.v20160506-0804.jar:na]
	at org.eclipse.core.commands.Command.executeWithChecks(Command.java:494) [org.eclipse.core.commands_3.8.0.v20160316-1921.jar:na]
	at org.eclipse.core.commands.ParameterizedCommand.executeWithChecks(ParameterizedCommand.java:488) [org.eclipse.core.commands_3.8.0.v20160316-1921.jar:na]
	at org.eclipse.e4.core.commands.internal.HandlerServiceImpl.executeHandler(HandlerServiceImpl.java:210) [org.eclipse.e4.core.commands_0.11.100.v20160506-0804.jar:na]
	at org.eclipse.ui.internal.handlers.LegacyHandlerService.executeCommand(LegacyHandlerService.java:353) [org.eclipse.ui.workbench_3.108.2.v20161025-2029.jar:na]
	at org.eclipse.ui.internal.actions.CommandAction.runWithEvent(CommandAction.java:155) [org.eclipse.ui.workbench_3.108.2.v20161025-2029.jar:na]
	at org.eclipse.jface.action.ActionContributionItem.handleWidgetSelection(ActionContributionItem.java:565) [org.eclipse.jface_3.12.1.v20160923-1528.jar:na]
	at org.eclipse.jface.action.ActionContributionItem.lambda$4(ActionContributionItem.java:397) [org.eclipse.jface_3.12.1.v20160923-1528.jar:na]
	at org.eclipse.swt.widgets.EventTable.sendEvent(EventTable.java:84) [org.eclipse.swt.cocoa.macosx.x86_64_3.105.2.v20161122-0613.jar:na]
	at org.eclipse.swt.widgets.Display.sendEvent(Display.java:4256) [org.eclipse.swt.cocoa.macosx.x86_64_3.105.2.v20161122-0613.jar:na]
	at org.eclipse.swt.widgets.Widget.sendEvent(Widget.java:1501) [org.eclipse.swt.cocoa.macosx.x86_64_3.105.2.v20161122-0613.jar:na]
	at org.eclipse.swt.widgets.Widget.sendEvent(Widget.java:1524) [org.eclipse.swt.cocoa.macosx.x86_64_3.105.2.v20161122-0613.jar:na]
	at org.eclipse.swt.widgets.Widget.sendEvent(Widget.java:1509) [org.eclipse.swt.cocoa.macosx.x86_64_3.105.2.v20161122-0613.jar:na]
	at org.eclipse.swt.widgets.Widget.notifyListeners(Widget.java:1313) [org.eclipse.swt.cocoa.macosx.x86_64_3.105.2.v20161122-0613.jar:na]
	at org.eclipse.swt.widgets.Display.runDeferredEvents(Display.java:4080) [org.eclipse.swt.cocoa.macosx.x86_64_3.105.2.v20161122-0613.jar:na]
	at org.eclipse.swt.widgets.Display.readAndDispatch(Display.java:3706) [org.eclipse.swt.cocoa.macosx.x86_64_3.105.2.v20161122-0613.jar:na]
	at org.eclipse.e4.ui.internal.workbench.swt.PartRenderingEngine$4.run(PartRenderingEngine.java:1121) ~[na:na]
	at org.eclipse.core.databinding.observable.Realm.runWithDefault(Realm.java:336) ~[na:na]
	at org.eclipse.e4.ui.internal.workbench.swt.PartRenderingEngine.run(PartRenderingEngine.java:1022) ~[na:na]
	at org.eclipse.e4.ui.internal.workbench.E4Workbench.createAndRunUI(E4Workbench.java:150) ~[na:na]
	at org.eclipse.ui.internal.Workbench$5.run(Workbench.java:693) ~[na:na]
	at org.eclipse.core.databinding.observable.Realm.runWithDefault(Realm.java:336) ~[na:na]
	at org.eclipse.ui.internal.Workbench.createAndRunWorkbench(Workbench.java:610) ~[na:na]
	at org.eclipse.ui.PlatformUI.createAndRunWorkbench(PlatformUI.java:148) ~[na:na]
	at org.eclipse.ui.internal.ide.application.IDEApplication.start(IDEApplication.java:138) ~[na:na]
	at org.eclipse.equinox.internal.app.EclipseAppHandle.run(EclipseAppHandle.java:196) ~[org.eclipse.equinox.app_1.3.400.v20150715-1528.jar:na]
	at org.eclipse.core.runtime.internal.adaptor.EclipseAppLauncher.runApplication(EclipseAppLauncher.java:134) ~[org.eclipse.osgi_3.11.2.v20161107-1947.jar:na]
	at org.eclipse.core.runtime.internal.adaptor.EclipseAppLauncher.start(EclipseAppLauncher.java:104) ~[org.eclipse.osgi_3.11.2.v20161107-1947.jar:na]
	at org.eclipse.core.runtime.adaptor.EclipseStarter.run(EclipseStarter.java:388) ~[org.eclipse.osgi_3.11.2.v20161107-1947.jar:na]
	at org.eclipse.core.runtime.adaptor.EclipseStarter.run(EclipseStarter.java:243) ~[org.eclipse.osgi_3.11.2.v20161107-1947.jar:na]
	at sun.reflect.NativeMethodAccessorImpl.invoke0(Native Method) ~[na:1.8.0_111]
	at sun.reflect.NativeMethodAccessorImpl.invoke(NativeMethodAccessorImpl.java:62) ~[na:1.8.0_111]
	at sun.reflect.DelegatingMethodAccessorImpl.invoke(DelegatingMethodAccessorImpl.java:43) ~[na:1.8.0_111]
	at java.lang.reflect.Method.invoke(Method.java:498) ~[na:1.8.0_111]
	at org.eclipse.equinox.launcher.Main.invokeFramework(Main.java:673) ~[org.eclipse.equinox.launcher_1.3.201.v20161025-1711.jar:na]
	at org.eclipse.equinox.launcher.Main.basicRun(Main.java:610) ~[org.eclipse.equinox.launcher_1.3.201.v20161025-1711.jar:na]
	at org.eclipse.equinox.launcher.Main.run(Main.java:1519) ~[org.eclipse.equinox.launcher_1.3.201.v20161025-1711.jar:na]
Caused by: java.io.IOException: error=2, No such file or directory
	at java.lang.UNIXProcess.forkAndExec(Native Method) ~[na:1.8.0_111]
	at java.lang.UNIXProcess.<init>(UNIXProcess.java:247) ~[na:1.8.0_111]
	at java.lang.ProcessImpl.start(ProcessImpl.java:134) ~[na:1.8.0_111]
	at java.lang.ProcessBuilder.start(ProcessBuilder.java:1029) ~[na:1.8.0_111]
	... 71 common frames omitted
